C:\Program Files (x86)\Microsoft Visual Studio\2019\Enterprise\MSBuild\Microsoft\VC\v160\Microsoft.CppBuild.targets(491,5): warning MSB8028: The intermediate directory (Debug\) contains files shared from another project (Final.vcxproj).  This can lead to incorrect clean and rebuild behavior.
  FinalPart1.c
C:\Users\lance\Documents\code\c-intro\Final\FinalWrite\FinalPart1.c(69,46): warning C4047: 'function': 'udtSurveyType **' differs in levels of indirection from 'udtSurveyType *'
C:\Users\lance\Documents\code\c-intro\Final\FinalWrite\FinalPart1.c(69,31): warning C4024: 'CheckContinue': different types for formal and actual parameter 1
C:\Users\lance\Documents\code\c-intro\Final\FinalWrite\FinalPart1.c(96,26): warning C4047: '=': 'char' differs in levels of indirection from 'char [1]'
C:\Users\lance\Documents\code\c-intro\Final\FinalWrite\FinalPart1.c(97,27): warning C4047: '=': 'char' differs in levels of indirection from 'char [1]'
C:\Users\lance\Documents\code\c-intro\Final\FinalWrite\FinalPart1.c(98,28): warning C4047: '=': 'char' differs in levels of indirection from 'char [1]'
C:\Users\lance\Documents\code\c-intro\Final\FinalWrite\FinalPart1.c(99,26): warning C4047: '=': 'char' differs in levels of indirection from 'char [1]'
C:\Users\lance\Documents\code\c-intro\Final\FinalWrite\FinalPart1.c(222,13): warning C4477: 'scanf' : format string '%d' requires an argument of type 'int *', but variadic argument 1 has type 'int **'
C:\Users\lance\Documents\code\c-intro\Final\FinalWrite\FinalPart1.c(222,13): warning C4477: 'scanf' : format string '%d' requires an argument of type 'int *', but variadic argument 2 has type 'int **'
C:\Users\lance\Documents\code\c-intro\Final\FinalWrite\FinalPart1.c(222,13): warning C4477: 'scanf' : format string '%d' requires an argument of type 'int *', but variadic argument 3 has type 'int **'
C:\Users\lance\Documents\code\c-intro\Final\FinalWrite\FinalPart1.c(223,30): warning C4047: 'function': 'int *' differs in levels of indirection from 'int **'
C:\Users\lance\Documents\code\c-intro\Final\FinalWrite\FinalPart1.c(223,21): warning C4024: 'ValidateDate': different types for formal and actual parameter 1
C:\Users\lance\Documents\code\c-intro\Final\FinalWrite\FinalPart1.c(223,39): warning C4047: 'function': 'int *' differs in levels of indirection from 'int **'
C:\Users\lance\Documents\code\c-intro\Final\FinalWrite\FinalPart1.c(223,32): warning C4024: 'ValidateDate': different types for formal and actual parameter 2
C:\Users\lance\Documents\code\c-intro\Final\FinalWrite\FinalPart1.c(223,49): warning C4047: 'function': 'int *' differs in levels of indirection from 'int **'
C:\Users\lance\Documents\code\c-intro\Final\FinalWrite\FinalPart1.c(223,41): warning C4024: 'ValidateDate': different types for formal and actual parameter 3
C:\Users\lance\Documents\code\c-intro\Final\FinalWrite\FinalPart1.c(229,14): warning C4477: 'scanf' : format string '%d' requires an argument of type 'int *', but variadic argument 1 has type 'int **'
C:\Users\lance\Documents\code\c-intro\Final\FinalWrite\FinalPart1.c(229,14): warning C4477: 'scanf' : format string '%d' requires an argument of type 'int *', but variadic argument 2 has type 'int **'
C:\Users\lance\Documents\code\c-intro\Final\FinalWrite\FinalPart1.c(229,14): warning C4477: 'scanf' : format string '%d' requires an argument of type 'int *', but variadic argument 3 has type 'int **'
C:\Users\lance\Documents\code\c-intro\Final\FinalWrite\FinalPart1.c(230,31): warning C4047: 'function': 'int *' differs in levels of indirection from 'int **'
C:\Users\lance\Documents\code\c-intro\Final\FinalWrite\FinalPart1.c(230,22): warning C4024: 'ValidateDate': different types for formal and actual parameter 1
C:\Users\lance\Documents\code\c-intro\Final\FinalWrite\FinalPart1.c(230,40): warning C4047: 'function': 'int *' differs in levels of indirection from 'int **'
C:\Users\lance\Documents\code\c-intro\Final\FinalWrite\FinalPart1.c(230,33): warning C4024: 'ValidateDate': different types for formal and actual parameter 2
C:\Users\lance\Documents\code\c-intro\Final\FinalWrite\FinalPart1.c(230,50): warning C4047: 'function': 'int *' differs in levels of indirection from 'int **'
C:\Users\lance\Documents\code\c-intro\Final\FinalWrite\FinalPart1.c(230,42): warning C4024: 'ValidateDate': different types for formal and actual parameter 3
C:\Users\lance\Documents\code\c-intro\Final\FinalWrite\FinalPart1.c(294,26): warning C4047: 'function': 'int *' differs in levels of indirection from 'int **'
C:\Users\lance\Documents\code\c-intro\Final\FinalWrite\FinalPart1.c(294,17): warning C4024: 'ValidateState': different types for formal and actual parameter 1
C:\Users\lance\Documents\code\c-intro\Final\FinalWrite\FinalPart1.c(294,37): warning C4047: 'function': 'char **' differs in levels of indirection from 'char ***'
C:\Users\lance\Documents\code\c-intro\Final\FinalWrite\FinalPart1.c(294,28): warning C4024: 'ValidateState': different types for formal and actual parameter 2
C:\Users\lance\Documents\code\c-intro\Final\FinalWrite\FinalPart1.c(419,36): warning C4047: '!=': 'int' differs in levels of indirection from 'void *'
  Final.vcxproj -> C:\Users\lance\Documents\code\c-intro\Final\FinalWrite\Debug\FinalPart1.exe
